<?xml version="1.0" encoding="UTF-8"?>
<testng-results ignored="1" total="2" passed="1" failed="0" skipped="0">
  <reporter-output>
  </reporter-output>
  <suite started-at="2022-07-01T13:50:24 IST" name="Suite" finished-at="2022-07-01T13:50:56 IST" duration-ms="31699">
    <groups>
    </groups>
    <test started-at="2022-07-01T13:50:24 IST" name="Test" finished-at="2022-07-01T13:50:56 IST" duration-ms="31699">
      <class name="TestCases.TestCasePrice">
        <test-method is-config="true" signature="beforeSuite()[pri:0, instance:TestCases.TestCasePrice@3bf9ce3e]" started-at="2022-07-01T13:50:24 IST" name="beforeSuite" finished-at="2022-07-01T13:50:27 IST" duration-ms="3040" status="PASS">
          <reporter-output>
          </reporter-output>
        </test-method> <!-- beforeSuite -->
        <test-method signature="updateCustomerInfo()[pri:0, instance:TestCases.TestCasePrice@3bf9ce3e]" started-at="2022-07-01T13:50:27 IST" name="updateCustomerInfo" finished-at="2022-07-01T13:50:56 IST" duration-ms="28627" status="PASS">
          <reporter-output>
          </reporter-output>
        </test-method> <!-- updateCustomerInfo -->
        <test-method is-config="true" signature="afterSuite()[pri:0, instance:TestCases.TestCasePrice@3bf9ce3e]" started-at="2022-07-01T13:50:56 IST" name="afterSuite" finished-at="2022-07-01T13:50:56 IST" duration-ms="2" status="PASS">
          <reporter-output>
          </reporter-output>
        </test-method> <!-- afterSuite -->
      </class> <!-- TestCases.TestCasePrice -->
    </test> <!-- Test -->
  </suite> <!-- Suite -->
</testng-results>
