<?xml version="1.0" encoding="UTF-8"?>
<testng-results ignored="1" total="2" passed="1" failed="0" skipped="0">
  <reporter-output>
  </reporter-output>
  <suite started-at="2022-07-01T01:52:26 IST" name="Suite" finished-at="2022-07-01T01:52:51 IST" duration-ms="24696">
    <groups>
    </groups>
    <test started-at="2022-07-01T01:52:26 IST" name="Test" finished-at="2022-07-01T01:52:51 IST" duration-ms="24696">
      <class name="TestCases.TestCasePrice">
        <test-method is-config="true" signature="beforeSuite()[pri:0, instance:TestCases.TestCasePrice@209da20d]" started-at="2022-07-01T01:52:19 IST" name="beforeSuite" finished-at="2022-07-01T01:52:26 IST" duration-ms="7013" status="PASS">
          <reporter-output>
          </reporter-output>
        </test-method> <!-- beforeSuite -->
        <test-method signature="priceCalculation()[pri:0, instance:TestCases.TestCasePrice@209da20d]" started-at="2022-07-01T01:52:26 IST" name="priceCalculation" finished-at="2022-07-01T01:52:51 IST" duration-ms="24633" status="PASS">
          <reporter-output>
          </reporter-output>
        </test-method> <!-- priceCalculation -->
        <test-method is-config="true" signature="afterSuite()[pri:0, instance:TestCases.TestCasePrice@209da20d]" started-at="2022-07-01T01:52:51 IST" name="afterSuite" finished-at="2022-07-01T01:52:51 IST" duration-ms="0" status="PASS">
          <reporter-output>
          </reporter-output>
        </test-method> <!-- afterSuite -->
      </class> <!-- TestCases.TestCasePrice -->
    </test> <!-- Test -->
  </suite> <!-- Suite -->
</testng-results>
